   1               		.file	"register.c"
   2               	__SP_H__ = 0x3e
   3               	__SP_L__ = 0x3d
   4               	__SREG__ = 0x3f
   5               	__RAMPZ__ = 0x3b
   6               	__tmp_reg__ = 0
   7               	__zero_reg__ = 1
   8               		.text
   9               	.Ltext0:
  10               		.cfi_sections	.debug_frame
  11               	.global	register_16_write
  13               	register_16_write:
  14               	.LFB6:
  15               		.file 1 "register.c"
   1:register.c    **** #include <avr/io.h>
   2:register.c    **** #include <avr/interrupt.h>
   3:register.c    **** #include <util/delay.h>
   4:register.c    **** #include <stdint.h>
   5:register.c    **** 
   6:register.c    **** #include "register.h"
   7:register.c    **** 
   8:register.c    **** void register_16_write(volatile uint16_t* adress, uint16_t value)
   9:register.c    **** {
  16               		.loc 1 9 0
  17               		.cfi_startproc
  18               	.LVL0:
  19               	/* prologue: function */
  20               	/* frame size = 0 */
  21               	/* stack size = 0 */
  22               	.L__stack_usage = 0
  23 0000 FC01      		movw r30,r24
  10:register.c    **** 	unsigned char sreg;
  11:register.c    **** 	
  12:register.c    **** 	sreg = SREG;
  24               		.loc 1 12 0
  25 0002 9FB7      		in r25,__SREG__
  26               	.LVL1:
  13:register.c    **** 	cli();
  27               		.loc 1 13 0
  28               	/* #APP */
  29               	 ;  13 "register.c" 1
  30 0004 F894      		cli
  31               	 ;  0 "" 2
  14:register.c    **** 	
  15:register.c    **** 	*adress = value;
  32               		.loc 1 15 0
  33               	/* #NOAPP */
  34 0006 7183      		std Z+1,r23
  35 0008 6083      		st Z,r22
  16:register.c    **** 	
  17:register.c    **** //	sei(); //delete if unnecesary
  18:register.c    **** 	
  19:register.c    **** 	SREG = sreg;
  36               		.loc 1 19 0
  37 000a 9FBF      		out __SREG__,r25
  38 000c 0895      		ret
  39               		.cfi_endproc
  40               	.LFE6:
  42               	.Letext0:
  43               		.file 2 "/usr/lib/avr/include/stdint.h"
DEFINED SYMBOLS
                            *ABS*:0000000000000000 register.c
     /tmp/cclJam61.s:2      *ABS*:000000000000003e __SP_H__
     /tmp/cclJam61.s:3      *ABS*:000000000000003d __SP_L__
     /tmp/cclJam61.s:4      *ABS*:000000000000003f __SREG__
     /tmp/cclJam61.s:5      *ABS*:000000000000003b __RAMPZ__
     /tmp/cclJam61.s:6      *ABS*:0000000000000000 __tmp_reg__
     /tmp/cclJam61.s:7      *ABS*:0000000000000001 __zero_reg__
     /tmp/cclJam61.s:13     .text:0000000000000000 register_16_write

NO UNDEFINED SYMBOLS
